2021-07-07 14:47:32 Error: [Error] Class 'Authentication\PasswordHasher\DefaultPasswordHasher' not found in /var/www/src/Model/Entity/User.php on line 51
Stack Trace:
- /var/www/vendor/cakephp/cakephp/src/Datasource/EntityTrait.php:259
- /var/www/vendor/cakephp/cakephp/src/ORM/Marshaller.php:595
- /var/www/vendor/cakephp/cakephp/src/ORM/Table.php:2773
- /var/www/src/Controller/UsersController.php:76
- /var/www/vendor/cakephp/cakephp/src/Controller/Controller.php:524
- /var/www/vendor/cakephp/cakephp/src/Controller/ControllerFactory.php:79
- /var/www/vendor/cakephp/cakephp/src/Http/BaseApplication.php:229
- /var/www/vendor/cakephp/cakephp/src/Http/Runner.php:77
- /var/www/vendor/cakephp/cakephp/src/Http/Middleware/BodyParserMiddleware.php:164
- /var/www/vendor/cakephp/cakephp/src/Http/Runner.php:73
- /var/www/vendor/cakephp/cakephp/src/Http/Runner.php:77
- /var/www/vendor/cakephp/cakephp/src/Http/Middleware/CsrfProtectionMiddleware.php:132
- /var/www/vendor/cakephp/cakephp/src/Http/Runner.php:73
- /var/www/vendor/cakephp/cakephp/src/Http/Runner.php:58
- /var/www/vendor/cakephp/cakephp/src/Routing/Middleware/RoutingMiddleware.php:162
- /var/www/vendor/cakephp/cakephp/src/Http/Runner.php:73
- /var/www/vendor/cakephp/cakephp/src/Routing/Middleware/AssetMiddleware.php:68
- /var/www/vendor/cakephp/cakephp/src/Http/Runner.php:73
- /var/www/vendor/cakephp/cakephp/src/Error/Middleware/ErrorHandlerMiddleware.php:118
- /var/www/vendor/cakephp/cakephp/src/Http/Runner.php:73
- /var/www/vendor/cakephp/debug_kit/src/Middleware/DebugKitMiddleware.php:60
- /var/www/vendor/cakephp/cakephp/src/Http/Runner.php:73
- /var/www/vendor/cakephp/cakephp/src/Http/Runner.php:58
- /var/www/vendor/cakephp/cakephp/src/Http/Server.php:90
- /var/www/webroot/index.php:40

Request URL: /users/edit/1
Referer URL: http://localhost:8080/users/edit/1
Client IP: 172.18.0.1


2021-07-07 15:13:00 Error: [Cake\Http\Exception\MissingControllerException] Controller class Logout could not be found. in /var/www/vendor/cakephp/cakephp/src/Controller/ControllerFactory.php on line 158
Exception Attributes: array (
  'class' => 'Logout',
  'plugin' => NULL,
  'prefix' => NULL,
  '_ext' => NULL,
)
Stack Trace:
- /var/www/vendor/cakephp/cakephp/src/Controller/ControllerFactory.php:46
- /var/www/vendor/cakephp/cakephp/src/Http/BaseApplication.php:227
- /var/www/vendor/cakephp/cakephp/src/Http/Runner.php:77
- /var/www/vendor/cakephp/authentication/src/Middleware/AuthenticationMiddleware.php:124
- /var/www/vendor/cakephp/cakephp/src/Http/Runner.php:73
- /var/www/vendor/cakephp/cakephp/src/Routing/Middleware/RoutingMiddleware.php:156
- /var/www/vendor/cakephp/cakephp/src/Http/Runner.php:73
- /var/www/vendor/cakephp/cakephp/src/Http/Middleware/BodyParserMiddleware.php:159
- /var/www/vendor/cakephp/cakephp/src/Http/Runner.php:73
- /var/www/vendor/cakephp/cakephp/src/Http/Runner.php:77
- /var/www/vendor/cakephp/cakephp/src/Http/Middleware/CsrfProtectionMiddleware.php:132
- /var/www/vendor/cakephp/cakephp/src/Http/Runner.php:73
- /var/www/vendor/cakephp/cakephp/src/Http/Runner.php:58
- /var/www/vendor/cakephp/cakephp/src/Routing/Middleware/RoutingMiddleware.php:162
- /var/www/vendor/cakephp/cakephp/src/Http/Runner.php:73
- /var/www/vendor/cakephp/cakephp/src/Routing/Middleware/AssetMiddleware.php:68
- /var/www/vendor/cakephp/cakephp/src/Http/Runner.php:73
- /var/www/vendor/cakephp/cakephp/src/Error/Middleware/ErrorHandlerMiddleware.php:118
- /var/www/vendor/cakephp/cakephp/src/Http/Runner.php:73
- /var/www/vendor/cakephp/debug_kit/src/Middleware/DebugKitMiddleware.php:60
- /var/www/vendor/cakephp/cakephp/src/Http/Runner.php:73
- /var/www/vendor/cakephp/cakephp/src/Http/Runner.php:58
- /var/www/vendor/cakephp/cakephp/src/Http/Server.php:90
- /var/www/webroot/index.php:40

Request URL: /logout
Client IP: 172.18.0.1


2021-07-07 15:25:09 Error: [Authorization\Exception\AuthorizationRequiredException] The request to `/debug-kit/toolbar/afce6918-a02a-4f56-a5b1-af35a68e9abd` did not apply any authorization checks. in /var/www/vendor/cakephp/authorization/src/Middleware/AuthorizationMiddleware.php on line 132
Exception Attributes: array (
  'url' => '/debug-kit/toolbar/afce6918-a02a-4f56-a5b1-af35a68e9abd',
)
Stack Trace:
- /var/www/vendor/cakephp/cakephp/src/Http/Runner.php:73
- /var/www/vendor/cakephp/authentication/src/Middleware/AuthenticationMiddleware.php:124
- /var/www/vendor/cakephp/cakephp/src/Http/Runner.php:73
- /var/www/vendor/cakephp/cakephp/src/Routing/Middleware/RoutingMiddleware.php:156
- /var/www/vendor/cakephp/cakephp/src/Http/Runner.php:73
- /var/www/vendor/cakephp/cakephp/src/Http/Middleware/BodyParserMiddleware.php:159
- /var/www/vendor/cakephp/cakephp/src/Http/Runner.php:73
- /var/www/vendor/cakephp/cakephp/src/Routing/Middleware/RoutingMiddleware.php:156
- /var/www/vendor/cakephp/cakephp/src/Http/Runner.php:73
- /var/www/vendor/cakephp/cakephp/src/Routing/Middleware/AssetMiddleware.php:68
- /var/www/vendor/cakephp/cakephp/src/Http/Runner.php:73
- /var/www/vendor/cakephp/cakephp/src/Error/Middleware/ErrorHandlerMiddleware.php:118
- /var/www/vendor/cakephp/cakephp/src/Http/Runner.php:73
- /var/www/vendor/cakephp/debug_kit/src/Middleware/DebugKitMiddleware.php:60
- /var/www/vendor/cakephp/cakephp/src/Http/Runner.php:73
- /var/www/vendor/cakephp/cakephp/src/Http/Runner.php:58
- /var/www/vendor/cakephp/cakephp/src/Http/Server.php:90
- /var/www/webroot/index.php:40

Request URL: /debug-kit/toolbar/afce6918-a02a-4f56-a5b1-af35a68e9abd
Referer URL: http://localhost:8080/users/add
Client IP: 172.18.0.1


2021-07-07 15:25:27 Error: [Authorization\Exception\AuthorizationRequiredException] The request to `/users` did not apply any authorization checks. in /var/www/vendor/cakephp/authorization/src/Middleware/AuthorizationMiddleware.php on line 132
Exception Attributes: array (
  'url' => '/users',
)
Stack Trace:
- /var/www/vendor/cakephp/cakephp/src/Http/Runner.php:73
- /var/www/vendor/cakephp/authentication/src/Middleware/AuthenticationMiddleware.php:124
- /var/www/vendor/cakephp/cakephp/src/Http/Runner.php:73
- /var/www/vendor/cakephp/cakephp/src/Routing/Middleware/RoutingMiddleware.php:156
- /var/www/vendor/cakephp/cakephp/src/Http/Runner.php:73
- /var/www/vendor/cakephp/cakephp/src/Http/Middleware/BodyParserMiddleware.php:159
- /var/www/vendor/cakephp/cakephp/src/Http/Runner.php:73
- /var/www/vendor/cakephp/cakephp/src/Http/Runner.php:77
- /var/www/vendor/cakephp/cakephp/src/Http/Middleware/CsrfProtectionMiddleware.php:132
- /var/www/vendor/cakephp/cakephp/src/Http/Runner.php:73
- /var/www/vendor/cakephp/cakephp/src/Http/Runner.php:58
- /var/www/vendor/cakephp/cakephp/src/Routing/Middleware/RoutingMiddleware.php:162
- /var/www/vendor/cakephp/cakephp/src/Http/Runner.php:73
- /var/www/vendor/cakephp/cakephp/src/Routing/Middleware/AssetMiddleware.php:68
- /var/www/vendor/cakephp/cakephp/src/Http/Runner.php:73
- /var/www/vendor/cakephp/cakephp/src/Error/Middleware/ErrorHandlerMiddleware.php:118
- /var/www/vendor/cakephp/cakephp/src/Http/Runner.php:73
- /var/www/vendor/cakephp/debug_kit/src/Middleware/DebugKitMiddleware.php:60
- /var/www/vendor/cakephp/cakephp/src/Http/Runner.php:73
- /var/www/vendor/cakephp/cakephp/src/Http/Runner.php:58
- /var/www/vendor/cakephp/cakephp/src/Http/Server.php:90
- /var/www/webroot/index.php:40

Request URL: /users
Referer URL: http://localhost:8080/users/add
Client IP: 172.18.0.1


2021-07-07 15:25:28 Error: [Authorization\Exception\AuthorizationRequiredException] The request to `/debug-kit/toolbar/a4af9669-04e1-491c-99bc-855f098a9b09` did not apply any authorization checks. in /var/www/vendor/cakephp/authorization/src/Middleware/AuthorizationMiddleware.php on line 132
Exception Attributes: array (
  'url' => '/debug-kit/toolbar/a4af9669-04e1-491c-99bc-855f098a9b09',
)
Stack Trace:
- /var/www/vendor/cakephp/cakephp/src/Http/Runner.php:73
- /var/www/vendor/cakephp/authentication/src/Middleware/AuthenticationMiddleware.php:124
- /var/www/vendor/cakephp/cakephp/src/Http/Runner.php:73
- /var/www/vendor/cakephp/cakephp/src/Routing/Middleware/RoutingMiddleware.php:156
- /var/www/vendor/cakephp/cakephp/src/Http/Runner.php:73
- /var/www/vendor/cakephp/cakephp/src/Http/Middleware/BodyParserMiddleware.php:159
- /var/www/vendor/cakephp/cakephp/src/Http/Runner.php:73
- /var/www/vendor/cakephp/cakephp/src/Routing/Middleware/RoutingMiddleware.php:156
- /var/www/vendor/cakephp/cakephp/src/Http/Runner.php:73
- /var/www/vendor/cakephp/cakephp/src/Routing/Middleware/AssetMiddleware.php:68
- /var/www/vendor/cakephp/cakephp/src/Http/Runner.php:73
- /var/www/vendor/cakephp/cakephp/src/Error/Middleware/ErrorHandlerMiddleware.php:118
- /var/www/vendor/cakephp/cakephp/src/Http/Runner.php:73
- /var/www/vendor/cakephp/debug_kit/src/Middleware/DebugKitMiddleware.php:60
- /var/www/vendor/cakephp/cakephp/src/Http/Runner.php:73
- /var/www/vendor/cakephp/cakephp/src/Http/Runner.php:58
- /var/www/vendor/cakephp/cakephp/src/Http/Server.php:90
- /var/www/webroot/index.php:40

Request URL: /debug-kit/toolbar/a4af9669-04e1-491c-99bc-855f098a9b09
Referer URL: http://localhost:8080/users
Client IP: 172.18.0.1


2021-07-07 15:25:43 Error: [Authorization\Exception\AuthorizationRequiredException] The request to `/debug-kit/toolbar/9b577080-d494-4c9d-aaf1-b33e62ac8154` did not apply any authorization checks. in /var/www/vendor/cakephp/authorization/src/Middleware/AuthorizationMiddleware.php on line 132
Exception Attributes: array (
  'url' => '/debug-kit/toolbar/9b577080-d494-4c9d-aaf1-b33e62ac8154',
)
Stack Trace:
- /var/www/vendor/cakephp/cakephp/src/Http/Runner.php:73
- /var/www/vendor/cakephp/authentication/src/Middleware/AuthenticationMiddleware.php:124
- /var/www/vendor/cakephp/cakephp/src/Http/Runner.php:73
- /var/www/vendor/cakephp/cakephp/src/Routing/Middleware/RoutingMiddleware.php:156
- /var/www/vendor/cakephp/cakephp/src/Http/Runner.php:73
- /var/www/vendor/cakephp/cakephp/src/Http/Middleware/BodyParserMiddleware.php:159
- /var/www/vendor/cakephp/cakephp/src/Http/Runner.php:73
- /var/www/vendor/cakephp/cakephp/src/Routing/Middleware/RoutingMiddleware.php:156
- /var/www/vendor/cakephp/cakephp/src/Http/Runner.php:73
- /var/www/vendor/cakephp/cakephp/src/Routing/Middleware/AssetMiddleware.php:68
- /var/www/vendor/cakephp/cakephp/src/Http/Runner.php:73
- /var/www/vendor/cakephp/cakephp/src/Error/Middleware/ErrorHandlerMiddleware.php:118
- /var/www/vendor/cakephp/cakephp/src/Http/Runner.php:73
- /var/www/vendor/cakephp/debug_kit/src/Middleware/DebugKitMiddleware.php:60
- /var/www/vendor/cakephp/cakephp/src/Http/Runner.php:73
- /var/www/vendor/cakephp/cakephp/src/Http/Runner.php:58
- /var/www/vendor/cakephp/cakephp/src/Http/Server.php:90
- /var/www/webroot/index.php:40

Request URL: /debug-kit/toolbar/9b577080-d494-4c9d-aaf1-b33e62ac8154
Referer URL: http://localhost:8080/users/add
Client IP: 172.18.0.1


2021-07-07 15:40:35 Error: [Authorization\Exception\AuthorizationRequiredException] The request to `/debug-kit/toolbar/2b5aa75c-6991-439a-995f-d8d6cc2641dd` did not apply any authorization checks. in /var/www/vendor/cakephp/authorization/src/Middleware/AuthorizationMiddleware.php on line 132
Exception Attributes: array (
  'url' => '/debug-kit/toolbar/2b5aa75c-6991-439a-995f-d8d6cc2641dd',
)
Stack Trace:
- /var/www/vendor/cakephp/cakephp/src/Http/Runner.php:73
- /var/www/vendor/cakephp/authentication/src/Middleware/AuthenticationMiddleware.php:124
- /var/www/vendor/cakephp/cakephp/src/Http/Runner.php:73
- /var/www/vendor/cakephp/cakephp/src/Routing/Middleware/RoutingMiddleware.php:156
- /var/www/vendor/cakephp/cakephp/src/Http/Runner.php:73
- /var/www/vendor/cakephp/cakephp/src/Http/Middleware/BodyParserMiddleware.php:159
- /var/www/vendor/cakephp/cakephp/src/Http/Runner.php:73
- /var/www/vendor/cakephp/cakephp/src/Routing/Middleware/RoutingMiddleware.php:156
- /var/www/vendor/cakephp/cakephp/src/Http/Runner.php:73
- /var/www/vendor/cakephp/cakephp/src/Routing/Middleware/AssetMiddleware.php:68
- /var/www/vendor/cakephp/cakephp/src/Http/Runner.php:73
- /var/www/vendor/cakephp/cakephp/src/Error/Middleware/ErrorHandlerMiddleware.php:118
- /var/www/vendor/cakephp/cakephp/src/Http/Runner.php:73
- /var/www/vendor/cakephp/debug_kit/src/Middleware/DebugKitMiddleware.php:60
- /var/www/vendor/cakephp/cakephp/src/Http/Runner.php:73
- /var/www/vendor/cakephp/cakephp/src/Http/Runner.php:58
- /var/www/vendor/cakephp/cakephp/src/Http/Server.php:90
- /var/www/webroot/index.php:40

Request URL: /debug-kit/toolbar/2b5aa75c-6991-439a-995f-d8d6cc2641dd
Referer URL: http://localhost:8080/users/add
Client IP: 172.18.0.1


2021-07-07 15:40:50 Error: [Authorization\Exception\AuthorizationRequiredException] The request to `/debug-kit/toolbar/e3db7504-c3a5-4e8f-bb58-7ac5ce0692c0` did not apply any authorization checks. in /var/www/vendor/cakephp/authorization/src/Middleware/AuthorizationMiddleware.php on line 132
Exception Attributes: array (
  'url' => '/debug-kit/toolbar/e3db7504-c3a5-4e8f-bb58-7ac5ce0692c0',
)
Stack Trace:
- /var/www/vendor/cakephp/cakephp/src/Http/Runner.php:73
- /var/www/vendor/cakephp/authentication/src/Middleware/AuthenticationMiddleware.php:124
- /var/www/vendor/cakephp/cakephp/src/Http/Runner.php:73
- /var/www/vendor/cakephp/cakephp/src/Routing/Middleware/RoutingMiddleware.php:156
- /var/www/vendor/cakephp/cakephp/src/Http/Runner.php:73
- /var/www/vendor/cakephp/cakephp/src/Http/Middleware/BodyParserMiddleware.php:159
- /var/www/vendor/cakephp/cakephp/src/Http/Runner.php:73
- /var/www/vendor/cakephp/cakephp/src/Routing/Middleware/RoutingMiddleware.php:156
- /var/www/vendor/cakephp/cakephp/src/Http/Runner.php:73
- /var/www/vendor/cakephp/cakephp/src/Routing/Middleware/AssetMiddleware.php:68
- /var/www/vendor/cakephp/cakephp/src/Http/Runner.php:73
- /var/www/vendor/cakephp/cakephp/src/Error/Middleware/ErrorHandlerMiddleware.php:118
- /var/www/vendor/cakephp/cakephp/src/Http/Runner.php:73
- /var/www/vendor/cakephp/debug_kit/src/Middleware/DebugKitMiddleware.php:60
- /var/www/vendor/cakephp/cakephp/src/Http/Runner.php:73
- /var/www/vendor/cakephp/cakephp/src/Http/Runner.php:58
- /var/www/vendor/cakephp/cakephp/src/Http/Server.php:90
- /var/www/webroot/index.php:40

Request URL: /debug-kit/toolbar/e3db7504-c3a5-4e8f-bb58-7ac5ce0692c0
Referer URL: http://localhost:8080/articles
Client IP: 172.18.0.1


2021-07-07 15:40:54 Error: [Authorization\Exception\AuthorizationRequiredException] The request to `/debug-kit/toolbar/42b2b6a6-756c-49ea-9215-05685a0d6f61` did not apply any authorization checks. in /var/www/vendor/cakephp/authorization/src/Middleware/AuthorizationMiddleware.php on line 132
Exception Attributes: array (
  'url' => '/debug-kit/toolbar/42b2b6a6-756c-49ea-9215-05685a0d6f61',
)
Stack Trace:
- /var/www/vendor/cakephp/cakephp/src/Http/Runner.php:73
- /var/www/vendor/cakephp/authentication/src/Middleware/AuthenticationMiddleware.php:124
- /var/www/vendor/cakephp/cakephp/src/Http/Runner.php:73
- /var/www/vendor/cakephp/cakephp/src/Routing/Middleware/RoutingMiddleware.php:156
- /var/www/vendor/cakephp/cakephp/src/Http/Runner.php:73
- /var/www/vendor/cakephp/cakephp/src/Http/Middleware/BodyParserMiddleware.php:159
- /var/www/vendor/cakephp/cakephp/src/Http/Runner.php:73
- /var/www/vendor/cakephp/cakephp/src/Routing/Middleware/RoutingMiddleware.php:156
- /var/www/vendor/cakephp/cakephp/src/Http/Runner.php:73
- /var/www/vendor/cakephp/cakephp/src/Routing/Middleware/AssetMiddleware.php:68
- /var/www/vendor/cakephp/cakephp/src/Http/Runner.php:73
- /var/www/vendor/cakephp/cakephp/src/Error/Middleware/ErrorHandlerMiddleware.php:118
- /var/www/vendor/cakephp/cakephp/src/Http/Runner.php:73
- /var/www/vendor/cakephp/debug_kit/src/Middleware/DebugKitMiddleware.php:60
- /var/www/vendor/cakephp/cakephp/src/Http/Runner.php:73
- /var/www/vendor/cakephp/cakephp/src/Http/Runner.php:58
- /var/www/vendor/cakephp/cakephp/src/Http/Server.php:90
- /var/www/webroot/index.php:40

Request URL: /debug-kit/toolbar/42b2b6a6-756c-49ea-9215-05685a0d6f61
Referer URL: http://localhost:8080/articles/view/first-post
Client IP: 172.18.0.1


2021-07-07 15:40:55 Error: [Authorization\Exception\AuthorizationRequiredException] The request to `/debug-kit/toolbar/4a6035b1-7d7e-46e1-8cab-84d402a2e889` did not apply any authorization checks. in /var/www/vendor/cakephp/authorization/src/Middleware/AuthorizationMiddleware.php on line 132
Exception Attributes: array (
  'url' => '/debug-kit/toolbar/4a6035b1-7d7e-46e1-8cab-84d402a2e889',
)
Stack Trace:
- /var/www/vendor/cakephp/cakephp/src/Http/Runner.php:73
- /var/www/vendor/cakephp/authentication/src/Middleware/AuthenticationMiddleware.php:124
- /var/www/vendor/cakephp/cakephp/src/Http/Runner.php:73
- /var/www/vendor/cakephp/cakephp/src/Routing/Middleware/RoutingMiddleware.php:156
- /var/www/vendor/cakephp/cakephp/src/Http/Runner.php:73
- /var/www/vendor/cakephp/cakephp/src/Http/Middleware/BodyParserMiddleware.php:159
- /var/www/vendor/cakephp/cakephp/src/Http/Runner.php:73
- /var/www/vendor/cakephp/cakephp/src/Routing/Middleware/RoutingMiddleware.php:156
- /var/www/vendor/cakephp/cakephp/src/Http/Runner.php:73
- /var/www/vendor/cakephp/cakephp/src/Routing/Middleware/AssetMiddleware.php:68
- /var/www/vendor/cakephp/cakephp/src/Http/Runner.php:73
- /var/www/vendor/cakephp/cakephp/src/Error/Middleware/ErrorHandlerMiddleware.php:118
- /var/www/vendor/cakephp/cakephp/src/Http/Runner.php:73
- /var/www/vendor/cakephp/debug_kit/src/Middleware/DebugKitMiddleware.php:60
- /var/www/vendor/cakephp/cakephp/src/Http/Runner.php:73
- /var/www/vendor/cakephp/cakephp/src/Http/Runner.php:58
- /var/www/vendor/cakephp/cakephp/src/Http/Server.php:90
- /var/www/webroot/index.php:40

Request URL: /debug-kit/toolbar/4a6035b1-7d7e-46e1-8cab-84d402a2e889
Referer URL: http://localhost:8080/users/login?redirect=%2Farticles%2Fedit%2Ffirst-post
Client IP: 172.18.0.1


2021-07-07 15:41:03 Error: [Authorization\Exception\AuthorizationRequiredException] The request to `/debug-kit/toolbar/2dd28a59-3a05-4201-990a-d0f1413adb43` did not apply any authorization checks. in /var/www/vendor/cakephp/authorization/src/Middleware/AuthorizationMiddleware.php on line 132
Exception Attributes: array (
  'url' => '/debug-kit/toolbar/2dd28a59-3a05-4201-990a-d0f1413adb43',
)
Stack Trace:
- /var/www/vendor/cakephp/cakephp/src/Http/Runner.php:73
- /var/www/vendor/cakephp/authentication/src/Middleware/AuthenticationMiddleware.php:124
- /var/www/vendor/cakephp/cakephp/src/Http/Runner.php:73
- /var/www/vendor/cakephp/cakephp/src/Routing/Middleware/RoutingMiddleware.php:156
- /var/www/vendor/cakephp/cakephp/src/Http/Runner.php:73
- /var/www/vendor/cakephp/cakephp/src/Http/Middleware/BodyParserMiddleware.php:159
- /var/www/vendor/cakephp/cakephp/src/Http/Runner.php:73
- /var/www/vendor/cakephp/cakephp/src/Routing/Middleware/RoutingMiddleware.php:156
- /var/www/vendor/cakephp/cakephp/src/Http/Runner.php:73
- /var/www/vendor/cakephp/cakephp/src/Routing/Middleware/AssetMiddleware.php:68
- /var/www/vendor/cakephp/cakephp/src/Http/Runner.php:73
- /var/www/vendor/cakephp/cakephp/src/Error/Middleware/ErrorHandlerMiddleware.php:118
- /var/www/vendor/cakephp/cakephp/src/Http/Runner.php:73
- /var/www/vendor/cakephp/debug_kit/src/Middleware/DebugKitMiddleware.php:60
- /var/www/vendor/cakephp/cakephp/src/Http/Runner.php:73
- /var/www/vendor/cakephp/cakephp/src/Http/Runner.php:58
- /var/www/vendor/cakephp/cakephp/src/Http/Server.php:90
- /var/www/webroot/index.php:40

Request URL: /debug-kit/toolbar/2dd28a59-3a05-4201-990a-d0f1413adb43
Referer URL: http://localhost:8080/articles/edit/first-post
Client IP: 172.18.0.1


2021-07-07 15:41:12 Error: [Authorization\Exception\AuthorizationRequiredException] The request to `/debug-kit/toolbar/c48b39a1-1861-4efd-8d68-df252318ad41` did not apply any authorization checks. in /var/www/vendor/cakephp/authorization/src/Middleware/AuthorizationMiddleware.php on line 132
Exception Attributes: array (
  'url' => '/debug-kit/toolbar/c48b39a1-1861-4efd-8d68-df252318ad41',
)
Stack Trace:
- /var/www/vendor/cakephp/cakephp/src/Http/Runner.php:73
- /var/www/vendor/cakephp/authentication/src/Middleware/AuthenticationMiddleware.php:124
- /var/www/vendor/cakephp/cakephp/src/Http/Runner.php:73
- /var/www/vendor/cakephp/cakephp/src/Routing/Middleware/RoutingMiddleware.php:156
- /var/www/vendor/cakephp/cakephp/src/Http/Runner.php:73
- /var/www/vendor/cakephp/cakephp/src/Http/Middleware/BodyParserMiddleware.php:159
- /var/www/vendor/cakephp/cakephp/src/Http/Runner.php:73
- /var/www/vendor/cakephp/cakephp/src/Routing/Middleware/RoutingMiddleware.php:156
- /var/www/vendor/cakephp/cakephp/src/Http/Runner.php:73
- /var/www/vendor/cakephp/cakephp/src/Routing/Middleware/AssetMiddleware.php:68
- /var/www/vendor/cakephp/cakephp/src/Http/Runner.php:73
- /var/www/vendor/cakephp/cakephp/src/Error/Middleware/ErrorHandlerMiddleware.php:118
- /var/www/vendor/cakephp/cakephp/src/Http/Runner.php:73
- /var/www/vendor/cakephp/debug_kit/src/Middleware/DebugKitMiddleware.php:60
- /var/www/vendor/cakephp/cakephp/src/Http/Runner.php:73
- /var/www/vendor/cakephp/cakephp/src/Http/Runner.php:58
- /var/www/vendor/cakephp/cakephp/src/Http/Server.php:90
- /var/www/webroot/index.php:40

Request URL: /debug-kit/toolbar/c48b39a1-1861-4efd-8d68-df252318ad41
Referer URL: http://localhost:8080/articles
Client IP: 172.18.0.1


2021-07-07 15:41:51 Error: [Authorization\Exception\AuthorizationRequiredException] The request to `/debug-kit/toolbar/ca075fcd-2e64-4189-b826-8cd211eb622b` did not apply any authorization checks. in /var/www/vendor/cakephp/authorization/src/Middleware/AuthorizationMiddleware.php on line 132
Exception Attributes: array (
  'url' => '/debug-kit/toolbar/ca075fcd-2e64-4189-b826-8cd211eb622b',
)
Stack Trace:
- /var/www/vendor/cakephp/cakephp/src/Http/Runner.php:73
- /var/www/vendor/cakephp/authentication/src/Middleware/AuthenticationMiddleware.php:124
- /var/www/vendor/cakephp/cakephp/src/Http/Runner.php:73
- /var/www/vendor/cakephp/cakephp/src/Routing/Middleware/RoutingMiddleware.php:156
- /var/www/vendor/cakephp/cakephp/src/Http/Runner.php:73
- /var/www/vendor/cakephp/cakephp/src/Http/Middleware/BodyParserMiddleware.php:159
- /var/www/vendor/cakephp/cakephp/src/Http/Runner.php:73
- /var/www/vendor/cakephp/cakephp/src/Routing/Middleware/RoutingMiddleware.php:156
- /var/www/vendor/cakephp/cakephp/src/Http/Runner.php:73
- /var/www/vendor/cakephp/cakephp/src/Routing/Middleware/AssetMiddleware.php:68
- /var/www/vendor/cakephp/cakephp/src/Http/Runner.php:73
- /var/www/vendor/cakephp/cakephp/src/Error/Middleware/ErrorHandlerMiddleware.php:118
- /var/www/vendor/cakephp/cakephp/src/Http/Runner.php:73
- /var/www/vendor/cakephp/debug_kit/src/Middleware/DebugKitMiddleware.php:60
- /var/www/vendor/cakephp/cakephp/src/Http/Runner.php:73
- /var/www/vendor/cakephp/cakephp/src/Http/Runner.php:58
- /var/www/vendor/cakephp/cakephp/src/Http/Server.php:90
- /var/www/webroot/index.php:40

Request URL: /debug-kit/toolbar/ca075fcd-2e64-4189-b826-8cd211eb622b
Referer URL: http://localhost:8080/articles
Client IP: 172.18.0.1


2021-07-07 15:41:53 Error: [Error] Class name must be a valid object or a string in /var/www/src/Policy/ArticlePolicy.php on line 52
Stack Trace:
- /var/www/src/Policy/ArticlePolicy.php:35
- /var/www/vendor/cakephp/authorization/src/AuthorizationService.php:92
- /var/www/vendor/cakephp/authorization/src/AuthorizationService.php:65
- /var/www/vendor/cakephp/authorization/src/IdentityDecorator.php:84
- /var/www/vendor/cakephp/authorization/src/Controller/Component/AuthorizationComponent.php:140
- /var/www/vendor/cakephp/authorization/src/Controller/Component/AuthorizationComponent.php:117
- /var/www/vendor/cakephp/authorization/src/Controller/Component/AuthorizationComponent.php:71
- /var/www/src/Controller/ArticlesController.php:63
- /var/www/vendor/cakephp/cakephp/src/Controller/Controller.php:524
- /var/www/vendor/cakephp/cakephp/src/Controller/ControllerFactory.php:79
- /var/www/vendor/cakephp/cakephp/src/Http/BaseApplication.php:229
- /var/www/vendor/cakephp/cakephp/src/Http/Runner.php:77
- /var/www/vendor/cakephp/authorization/src/Middleware/AuthorizationMiddleware.php:129
- /var/www/vendor/cakephp/cakephp/src/Http/Runner.php:73
- /var/www/vendor/cakephp/authentication/src/Middleware/AuthenticationMiddleware.php:124
- /var/www/vendor/cakephp/cakephp/src/Http/Runner.php:73
- /var/www/vendor/cakephp/cakephp/src/Routing/Middleware/RoutingMiddleware.php:156
- /var/www/vendor/cakephp/cakephp/src/Http/Runner.php:73
- /var/www/vendor/cakephp/cakephp/src/Http/Middleware/BodyParserMiddleware.php:159
- /var/www/vendor/cakephp/cakephp/src/Http/Runner.php:73
- /var/www/vendor/cakephp/cakephp/src/Http/Runner.php:77
- /var/www/vendor/cakephp/cakephp/src/Http/Middleware/CsrfProtectionMiddleware.php:132
- /var/www/vendor/cakephp/cakephp/src/Http/Runner.php:73
- /var/www/vendor/cakephp/cakephp/src/Http/Runner.php:58
- /var/www/vendor/cakephp/cakephp/src/Routing/Middleware/RoutingMiddleware.php:162
- /var/www/vendor/cakephp/cakephp/src/Http/Runner.php:73
- /var/www/vendor/cakephp/cakephp/src/Routing/Middleware/AssetMiddleware.php:68
- /var/www/vendor/cakephp/cakephp/src/Http/Runner.php:73
- /var/www/vendor/cakephp/cakephp/src/Error/Middleware/ErrorHandlerMiddleware.php:118
- /var/www/vendor/cakephp/cakephp/src/Http/Runner.php:73
- /var/www/vendor/cakephp/debug_kit/src/Middleware/DebugKitMiddleware.php:60
- /var/www/vendor/cakephp/cakephp/src/Http/Runner.php:73
- /var/www/vendor/cakephp/cakephp/src/Http/Runner.php:58
- /var/www/vendor/cakephp/cakephp/src/Http/Server.php:90
- /var/www/webroot/index.php:40

Request URL: /articles/edit/first-post
Referer URL: http://localhost:8080/articles
Client IP: 172.18.0.1


2021-07-07 15:41:53 Error: [Authorization\Exception\AuthorizationRequiredException] The request to `/debug-kit/toolbar/87790ebd-2142-447b-b57b-917d6e87d368` did not apply any authorization checks. in /var/www/vendor/cakephp/authorization/src/Middleware/AuthorizationMiddleware.php on line 132
Exception Attributes: array (
  'url' => '/debug-kit/toolbar/87790ebd-2142-447b-b57b-917d6e87d368',
)
Stack Trace:
- /var/www/vendor/cakephp/cakephp/src/Http/Runner.php:73
- /var/www/vendor/cakephp/authentication/src/Middleware/AuthenticationMiddleware.php:124
- /var/www/vendor/cakephp/cakephp/src/Http/Runner.php:73
- /var/www/vendor/cakephp/cakephp/src/Routing/Middleware/RoutingMiddleware.php:156
- /var/www/vendor/cakephp/cakephp/src/Http/Runner.php:73
- /var/www/vendor/cakephp/cakephp/src/Http/Middleware/BodyParserMiddleware.php:159
- /var/www/vendor/cakephp/cakephp/src/Http/Runner.php:73
- /var/www/vendor/cakephp/cakephp/src/Routing/Middleware/RoutingMiddleware.php:156
- /var/www/vendor/cakephp/cakephp/src/Http/Runner.php:73
- /var/www/vendor/cakephp/cakephp/src/Routing/Middleware/AssetMiddleware.php:68
- /var/www/vendor/cakephp/cakephp/src/Http/Runner.php:73
- /var/www/vendor/cakephp/cakephp/src/Error/Middleware/ErrorHandlerMiddleware.php:118
- /var/www/vendor/cakephp/cakephp/src/Http/Runner.php:73
- /var/www/vendor/cakephp/debug_kit/src/Middleware/DebugKitMiddleware.php:60
- /var/www/vendor/cakephp/cakephp/src/Http/Runner.php:73
- /var/www/vendor/cakephp/cakephp/src/Http/Runner.php:58
- /var/www/vendor/cakephp/cakephp/src/Http/Server.php:90
- /var/www/webroot/index.php:40

Request URL: /debug-kit/toolbar/87790ebd-2142-447b-b57b-917d6e87d368
Referer URL: http://localhost:8080/articles/edit/first-post
Client IP: 172.18.0.1


2021-07-07 15:42:12 Error: [Authorization\Exception\AuthorizationRequiredException] The request to `/debug-kit/toolbar/fa2a0c64-9c6e-4b75-8eac-7dcfcd97af83` did not apply any authorization checks. in /var/www/vendor/cakephp/authorization/src/Middleware/AuthorizationMiddleware.php on line 132
Exception Attributes: array (
  'url' => '/debug-kit/toolbar/fa2a0c64-9c6e-4b75-8eac-7dcfcd97af83',
)
Stack Trace:
- /var/www/vendor/cakephp/cakephp/src/Http/Runner.php:73
- /var/www/vendor/cakephp/authentication/src/Middleware/AuthenticationMiddleware.php:124
- /var/www/vendor/cakephp/cakephp/src/Http/Runner.php:73
- /var/www/vendor/cakephp/cakephp/src/Routing/Middleware/RoutingMiddleware.php:156
- /var/www/vendor/cakephp/cakephp/src/Http/Runner.php:73
- /var/www/vendor/cakephp/cakephp/src/Http/Middleware/BodyParserMiddleware.php:159
- /var/www/vendor/cakephp/cakephp/src/Http/Runner.php:73
- /var/www/vendor/cakephp/cakephp/src/Routing/Middleware/RoutingMiddleware.php:156
- /var/www/vendor/cakephp/cakephp/src/Http/Runner.php:73
- /var/www/vendor/cakephp/cakephp/src/Routing/Middleware/AssetMiddleware.php:68
- /var/www/vendor/cakephp/cakephp/src/Http/Runner.php:73
- /var/www/vendor/cakephp/cakephp/src/Error/Middleware/ErrorHandlerMiddleware.php:118
- /var/www/vendor/cakephp/cakephp/src/Http/Runner.php:73
- /var/www/vendor/cakephp/debug_kit/src/Middleware/DebugKitMiddleware.php:60
- /var/www/vendor/cakephp/cakephp/src/Http/Runner.php:73
- /var/www/vendor/cakephp/cakephp/src/Http/Runner.php:58
- /var/www/vendor/cakephp/cakephp/src/Http/Server.php:90
- /var/www/webroot/index.php:40

Request URL: /debug-kit/toolbar/fa2a0c64-9c6e-4b75-8eac-7dcfcd97af83
Referer URL: http://localhost:8080/articles/edit/first-post
Client IP: 172.18.0.1


